🏷️ PHASE C: AUTOMATED LABELING & ROUTING SYSTEM
Repository: BrianCLong/intelgraph
Started: Thu Aug 28 20:49:32 MDT 2025

=== C1: ENSURE REQUIRED LABELS EXIST ===
Creating label: priority:release
Creating label: priority:absorption
Creating label: priority:infra
Creating label: priority:security
Creating label: priority:ga
Creating label: area:frontend
Creating label: area:backend
Creating label: area:docs
Creating label: area:monorepo
Creating label: status:ready-merge
Creating label: status:needs-review
Creating label: status:breaking-change
Creating label: auto-generated
=== C2: INTELLIGENT PR CLASSIFICATION ===
Analyzing PR #932: docs: add Sprint 14 task CSV and sourcing instructions
  + Adding label: priority:infra
  + Adding label: area:docs
  + Adding label: status:ready-merge
Analyzing PR #931: feat: Complete Operation NIGHT MARKET RC Hardening
  + Adding label: area:frontend
  + Adding label: area:docs
  + Adding label: area:monorepo
  + Adding label: status:ready-merge
Analyzing PR #930: IntelGraph v2.5 – GA Release
  + Adding label: priority:release
  + Adding label: area:frontend
  + Adding label: area:docs
  + Adding label: area:monorepo
  + Adding label: status:ready-merge
Analyzing PR #929: chore(graphql): namespace ops + bundle hygiene guards
  + Adding label: area:frontend
  + Adding label: area:docs
  + Adding label: area:monorepo
  + Adding label: status:ready-merge
Analyzing PR #928: feat: complete server startup stability and production hardening
  + Adding label: area:frontend
  + Adding label: area:docs
  + Adding label: area:monorepo
  + Adding label: status:ready-merge
Analyzing PR #927: Fix/UI docker build
  + Adding label: priority:infra
  + Adding label: area:frontend
  + Adding label: area:docs
  + Adding label: area:monorepo
  + Adding label: status:ready-merge
Analyzing PR #926: feat(rebrand): IntelGraph → Summit soft rename (Level B)
  + Adding label: area:frontend
  + Adding label: area:docs
  + Adding label: status:ready-merge
Analyzing PR #925: GA: IntelGraph Launch Gates and Docs
  + Adding label: priority:release
  + Adding label: area:frontend
  + Adding label: area:docs
  + Adding label: status:ready-merge
Analyzing PR #924: 🌟 Complete Omniversal Singularity - GA Architecture Integration
  + Adding label: priority:release
  + Adding label: area:docs
  + Adding label: status:ready-merge
Analyzing PR #923: feat: add ga-caseops scaffolding
  + Adding label: priority:release
  + Adding label: area:frontend
  + Adding label: area:docs
  + Adding label: area:monorepo
  + Adding label: status:ready-merge
Analyzing PR #922: feat: add url resolver service
  + Adding label: area:docs
  + Adding label: status:ready-merge
Analyzing PR #921: feat: add ga platform skeleton
  + Adding label: priority:release
  + Adding label: area:frontend
  + Adding label: area:docs
  + Adding label: area:monorepo
  + Adding label: status:ready-merge
Analyzing PR #920: feat: add GA-DocsNLP vertical slice
  + Adding label: priority:release
  + Adding label: area:frontend
